;  LST file generated by mikroListExporter - v.2.0 
; Date/Time: 11/28/2023 6:37:02 AM
;----------------------------------------------

;Address Opcode 	ASM
0x0000	0x2855      	GOTO       85
_motorRotate180:
;MyProject.c,20 :: 		void motorRotate180() {
;MyProject.c,21 :: 		for (i = 0; i < 50; i++) {
0x0003	0x1283      	BCF        STATUS, 5
0x0004	0x1303      	BCF        STATUS, 6
0x0005	0x01A2      	CLRF       _i
0x0006	0x01A3      	CLRF       _i+1
L_motorRotate18010:
0x0007	0x3080      	MOVLW      128
0x0008	0x0623      	XORWF      _i+1, 0
0x0009	0x00F0      	MOVWF      R0
0x000A	0x3080      	MOVLW      128
0x000B	0x0270      	SUBWF      R0, 0
0x000C	0x1D03      	BTFSS      STATUS, 2
0x000D	0x2810      	GOTO       L__motorRotate18024
0x000E	0x3032      	MOVLW      50
0x000F	0x0222      	SUBWF      _i, 0
L__motorRotate18024:
0x0010	0x1803      	BTFSC      STATUS, 0
0x0011	0x282B      	GOTO       L_motorRotate18011
;MyProject.c,22 :: 		portb.f0 = 1;
0x0012	0x1406      	BSF        PORTB, 0
;MyProject.c,23 :: 		delay_us(2200);
0x0013	0x3006      	MOVLW      6
0x0014	0x00FC      	MOVWF      R12
0x0015	0x30B5      	MOVLW      181
0x0016	0x00FD      	MOVWF      R13
L_motorRotate18013:
0x0017	0x0BFD      	DECFSZ     R13, 1
0x0018	0x2817      	GOTO       L_motorRotate18013
0x0019	0x0BFC      	DECFSZ     R12, 1
0x001A	0x2817      	GOTO       L_motorRotate18013
0x001B	0x0000      	NOP
0x001C	0x0000      	NOP
;MyProject.c,24 :: 		portb.f0 = 0;
0x001D	0x1006      	BCF        PORTB, 0
;MyProject.c,25 :: 		delay_us(17800);
0x001E	0x302F      	MOVLW      47
0x001F	0x00FC      	MOVWF      R12
0x0020	0x303A      	MOVLW      58
0x0021	0x00FD      	MOVWF      R13
L_motorRotate18014:
0x0022	0x0BFD      	DECFSZ     R13, 1
0x0023	0x2822      	GOTO       L_motorRotate18014
0x0024	0x0BFC      	DECFSZ     R12, 1
0x0025	0x2822      	GOTO       L_motorRotate18014
0x0026	0x0000      	NOP
;MyProject.c,21 :: 		for (i = 0; i < 50; i++) {
0x0027	0x0AA2      	INCF       _i, 1
0x0028	0x1903      	BTFSC      STATUS, 2
0x0029	0x0AA3      	INCF       _i+1, 1
;MyProject.c,26 :: 		}
0x002A	0x2807      	GOTO       L_motorRotate18010
L_motorRotate18011:
;MyProject.c,27 :: 		}
L_end_motorRotate180:
0x002B	0x0008      	RETURN
; end of _motorRotate180
_motorRotate90:
;MyProject.c,10 :: 		void motorRotate90() {
;MyProject.c,11 :: 		for (i = 0; i < 50; i++) {
0x002C	0x1283      	BCF        STATUS, 5
0x002D	0x1303      	BCF        STATUS, 6
0x002E	0x01A2      	CLRF       _i
0x002F	0x01A3      	CLRF       _i+1
L_motorRotate905:
0x0030	0x3080      	MOVLW      128
0x0031	0x0623      	XORWF      _i+1, 0
0x0032	0x00F0      	MOVWF      R0
0x0033	0x3080      	MOVLW      128
0x0034	0x0270      	SUBWF      R0, 0
0x0035	0x1D03      	BTFSS      STATUS, 2
0x0036	0x2839      	GOTO       L__motorRotate9022
0x0037	0x3032      	MOVLW      50
0x0038	0x0222      	SUBWF      _i, 0
L__motorRotate9022:
0x0039	0x1803      	BTFSC      STATUS, 0
0x003A	0x2854      	GOTO       L_motorRotate906
;MyProject.c,12 :: 		portb.f0 = 1;
0x003B	0x1406      	BSF        PORTB, 0
;MyProject.c,13 :: 		delay_us(1500);
0x003C	0x3004      	MOVLW      4
0x003D	0x00FC      	MOVWF      R12
0x003E	0x30E4      	MOVLW      228
0x003F	0x00FD      	MOVWF      R13
L_motorRotate908:
0x0040	0x0BFD      	DECFSZ     R13, 1
0x0041	0x2840      	GOTO       L_motorRotate908
0x0042	0x0BFC      	DECFSZ     R12, 1
0x0043	0x2840      	GOTO       L_motorRotate908
0x0044	0x0000      	NOP
;MyProject.c,14 :: 		portb.f0 = 0;
0x0045	0x1006      	BCF        PORTB, 0
;MyProject.c,15 :: 		delay_us(18500);
0x0046	0x3031      	MOVLW      49
0x0047	0x00FC      	MOVWF      R12
0x0048	0x300B      	MOVLW      11
0x0049	0x00FD      	MOVWF      R13
L_motorRotate909:
0x004A	0x0BFD      	DECFSZ     R13, 1
0x004B	0x284A      	GOTO       L_motorRotate909
0x004C	0x0BFC      	DECFSZ     R12, 1
0x004D	0x284A      	GOTO       L_motorRotate909
0x004E	0x0000      	NOP
0x004F	0x0000      	NOP
;MyProject.c,11 :: 		for (i = 0; i < 50; i++) {
0x0050	0x0AA2      	INCF       _i, 1
0x0051	0x1903      	BTFSC      STATUS, 2
0x0052	0x0AA3      	INCF       _i+1, 1
;MyProject.c,16 :: 		}
0x0053	0x2830      	GOTO       L_motorRotate905
L_motorRotate906:
;MyProject.c,17 :: 		}
L_end_motorRotate90:
0x0054	0x0008      	RETURN
; end of _motorRotate90
_main:
;MyProject.c,29 :: 		void main() {
;MyProject.c,30 :: 		TRISB = 0x00;
0x0055	0x1683      	BSF        STATUS, 5
0x0056	0x1303      	BCF        STATUS, 6
0x0057	0x0186      	CLRF       TRISB
;MyProject.c,31 :: 		while (1) {
L_main15:
;MyProject.c,32 :: 		motorRotate180();
0x0058	0x2003      	CALL       _motorRotate180
;MyProject.c,33 :: 		delay_ms(1000);
0x0059	0x300B      	MOVLW      11
0x005A	0x00FB      	MOVWF      R11
0x005B	0x3026      	MOVLW      38
0x005C	0x00FC      	MOVWF      R12
0x005D	0x305D      	MOVLW      93
0x005E	0x00FD      	MOVWF      R13
L_main17:
0x005F	0x0BFD      	DECFSZ     R13, 1
0x0060	0x285F      	GOTO       L_main17
0x0061	0x0BFC      	DECFSZ     R12, 1
0x0062	0x285F      	GOTO       L_main17
0x0063	0x0BFB      	DECFSZ     R11, 1
0x0064	0x285F      	GOTO       L_main17
0x0065	0x0000      	NOP
0x0066	0x0000      	NOP
;MyProject.c,35 :: 		motorRotate90();
0x0067	0x202C      	CALL       _motorRotate90
;MyProject.c,36 :: 		delay_ms(1000);
0x0068	0x300B      	MOVLW      11
0x0069	0x00FB      	MOVWF      R11
0x006A	0x3026      	MOVLW      38
0x006B	0x00FC      	MOVWF      R12
0x006C	0x305D      	MOVLW      93
0x006D	0x00FD      	MOVWF      R13
L_main18:
0x006E	0x0BFD      	DECFSZ     R13, 1
0x006F	0x286E      	GOTO       L_main18
0x0070	0x0BFC      	DECFSZ     R12, 1
0x0071	0x286E      	GOTO       L_main18
0x0072	0x0BFB      	DECFSZ     R11, 1
0x0073	0x286E      	GOTO       L_main18
0x0074	0x0000      	NOP
0x0075	0x0000      	NOP
;MyProject.c,39 :: 		}
0x0076	0x2858      	GOTO       L_main15
;MyProject.c,40 :: 		}
L_end_main:
0x0077	0x2877      	GOTO       $+0
; end of _main
Symbol List:
//** Routines locations **
//ADDRESS    SIZE    PROCEDURE
//----------------------------------------------
0x0003      [41]    _motorRotate180
0x002C      [41]    _motorRotate90
0x0055      [35]    _main
//** Variables locations ** 
//ADDRESS    SIZE    VARIABLE
//----------------------------------------------
0x0000       [1]    INDF
0x0003       [1]    STATUS
0x0004       [1]    FSR
0x0006       [1]    PORTB
0x000A       [1]    PCLATH
0x0020       [2]    ___DoICPAddr
0x0022       [2]    _i
0x0070       [1]    R0
0x0071       [1]    R1
0x0072       [1]    R2
0x0073       [1]    R3
0x0074       [1]    R4
0x0075       [1]    R5
0x0076       [1]    R6
0x0077       [1]    R7
0x0078       [1]    R8
0x0079       [1]    R9
0x007A       [1]    R10
0x007B       [1]    R11
0x007C       [1]    R12
0x007D       [1]    R13
0x007E       [1]    R14
0x007F       [1]    R15
0x0086       [1]    TRISB
