;  LST file generated by mikroListExporter - v.2.0 
; Date/Time: 11/28/2023 11:57:18 AM
;----------------------------------------------

;Address Opcode 	ASM
0x0000	0x2A4B      	GOTO       587
_Mul_32x32_U:
;__Lib_Math.c,1775 :: 		
;__Lib_Math.c,1790 :: 		
0x0003	0x1283      	BCF        STATUS, 5
;__Lib_Math.c,1791 :: 		
0x0004	0x1303      	BCF        STATUS, 6
;__Lib_Math.c,1792 :: 		
0x0005	0x3022      	MOVLW      34
;__Lib_Math.c,1793 :: 		
0x0006	0x00FC      	MOVWF      R12
;__Lib_Math.c,1794 :: 		
0x0007	0x01F8      	CLRF       R8
;__Lib_Math.c,1795 :: 		
0x0008	0x01F9      	CLRF       R9
;__Lib_Math.c,1796 :: 		
0x0009	0x01FA      	CLRF       R10
;__Lib_Math.c,1797 :: 		
0x000A	0x01FB      	CLRF       R11
;__Lib_Math.c,1799 :: 		
_NEXT:
;__Lib_Math.c,1803 :: 		
0x000B	0x03FC      	DECF       R12, 1
;__Lib_Math.c,1804 :: 		
0x000C	0x1903      	BTFSC      STATUS, 2
;__Lib_Math.c,1805 :: 		
0x000D	0x2839      	GOTO       _EXIT2
;__Lib_Math.c,1806 :: 		
0x000E	0x1003      	BCF        STATUS, 0
;__Lib_Math.c,1808 :: 		
_LOOP:
;__Lib_Math.c,1817 :: 		
0x000F	0x0CFB      	RRF        R11, 1
;__Lib_Math.c,1818 :: 		
0x0010	0x0CFA      	RRF        R10, 1
;__Lib_Math.c,1819 :: 		
0x0011	0x0CF9      	RRF        R9, 1
;__Lib_Math.c,1820 :: 		
0x0012	0x0CF8      	RRF        R8, 1
;__Lib_Math.c,1821 :: 		
0x0013	0x0CF3      	RRF        R3, 1
;__Lib_Math.c,1822 :: 		
0x0014	0x0CF2      	RRF        R2, 1
;__Lib_Math.c,1823 :: 		
0x0015	0x0CF1      	RRF        R1, 1
;__Lib_Math.c,1824 :: 		
0x0016	0x0CF0      	RRF        R0, 1
;__Lib_Math.c,1829 :: 		
0x0017	0x1C03      	BTFSS      STATUS, 0
;__Lib_Math.c,1830 :: 		
0x0018	0x280B      	GOTO       _NEXT
;__Lib_Math.c,1831 :: 		
0x0019	0x03FC      	DECF       R12, 1
;__Lib_Math.c,1832 :: 		
0x001A	0x1903      	BTFSC      STATUS, 2
;__Lib_Math.c,1833 :: 		
0x001B	0x282B      	GOTO       _EXIT1
;__Lib_Math.c,1840 :: 		
0x001C	0x0874      	MOVF       R4, 0
;__Lib_Math.c,1841 :: 		
0x001D	0x07F8      	ADDWF      R8, 1
;__Lib_Math.c,1842 :: 		
0x001E	0x0875      	MOVF       R5, 0
;__Lib_Math.c,1843 :: 		
0x001F	0x1803      	BTFSC      STATUS, 0
;__Lib_Math.c,1844 :: 		
0x0020	0x0F75      	INCFSZ     R5, 0
;__Lib_Math.c,1845 :: 		
0x0021	0x07F9      	ADDWF      R9, 1
;__Lib_Math.c,1846 :: 		
0x0022	0x0876      	MOVF       R6, 0
;__Lib_Math.c,1847 :: 		
0x0023	0x1803      	BTFSC      STATUS, 0
;__Lib_Math.c,1848 :: 		
0x0024	0x0F76      	INCFSZ     R6, 0
;__Lib_Math.c,1849 :: 		
0x0025	0x07FA      	ADDWF      R10, 1
;__Lib_Math.c,1850 :: 		
0x0026	0x0877      	MOVF       R7, 0
;__Lib_Math.c,1851 :: 		
0x0027	0x1803      	BTFSC      STATUS, 0
;__Lib_Math.c,1852 :: 		
0x0028	0x0F77      	INCFSZ     R7, 0
;__Lib_Math.c,1853 :: 		
0x0029	0x07FB      	ADDWF      R11, 1
;__Lib_Math.c,1855 :: 		
0x002A	0x280F      	GOTO       _LOOP
;__Lib_Math.c,1857 :: 		
_EXIT1:
;__Lib_Math.c,1862 :: 		
0x002B	0x0874      	MOVF       R4, 0
;__Lib_Math.c,1863 :: 		
0x002C	0x07F8      	ADDWF      R8, 1
;__Lib_Math.c,1864 :: 		
0x002D	0x0875      	MOVF       R5, 0
;__Lib_Math.c,1865 :: 		
0x002E	0x1803      	BTFSC      STATUS, 0
;__Lib_Math.c,1866 :: 		
0x002F	0x0F75      	INCFSZ     R5, 0
;__Lib_Math.c,1867 :: 		
0x0030	0x07F9      	ADDWF      R9, 1
;__Lib_Math.c,1868 :: 		
0x0031	0x0876      	MOVF       R6, 0
;__Lib_Math.c,1869 :: 		
0x0032	0x1803      	BTFSC      STATUS, 0
;__Lib_Math.c,1870 :: 		
0x0033	0x0F76      	INCFSZ     R6, 0
;__Lib_Math.c,1871 :: 		
0x0034	0x07FA      	ADDWF      R10, 1
;__Lib_Math.c,1872 :: 		
0x0035	0x0877      	MOVF       R7, 0
;__Lib_Math.c,1873 :: 		
0x0036	0x1803      	BTFSC      STATUS, 0
;__Lib_Math.c,1874 :: 		
0x0037	0x0F77      	INCFSZ     R7, 0
;__Lib_Math.c,1875 :: 		
0x0038	0x07FB      	ADDWF      R11, 1
;__Lib_Math.c,1878 :: 		
_EXIT2:
;__Lib_Math.c,1880 :: 		
L_end_Mul_32x32_U:
0x0039	0x0008      	RETURN
; end of _Mul_32x32_U
_Div_16x16_S_L:
;__Lib_Math.c,421 :: 		
;__Lib_Math.c,427 :: 		
0x003A	0x0D71      	RLF        R1, 0
;__Lib_Math.c,428 :: 		
0x003B	0x0DF8      	RLF        R8, 1
;__Lib_Math.c,429 :: 		
0x003C	0x0DF9      	RLF        R9, 1
;__Lib_Math.c,430 :: 		
0x003D	0x0874      	MOVF       R4, 0
;__Lib_Math.c,431 :: 		
0x003E	0x02F8      	SUBWF      R8, 1
;__Lib_Math.c,432 :: 		
0x003F	0x0875      	MOVF       R5, 0
;__Lib_Math.c,433 :: 		
0x0040	0x1C03      	BTFSS      STATUS, 0
;__Lib_Math.c,434 :: 		
0x0041	0x0F75      	INCFSZ     R5, 0
;__Lib_Math.c,435 :: 		
0x0042	0x02F9      	SUBWF      R9, 1
;__Lib_Math.c,436 :: 		
0x0043	0x0DF0      	RLF        R0, 1
;__Lib_Math.c,437 :: 		
0x0044	0x0DF1      	RLF        R1, 1
;__Lib_Math.c,439 :: 		
0x0045	0x300F      	MOVLW      15
;__Lib_Math.c,440 :: 		
0x0046	0x00FC      	MOVWF      R12
;__Lib_Math.c,442 :: 		
0x0047	0x0D71      	RLF        R1, 0
;__Lib_Math.c,443 :: 		
0x0048	0x0DF8      	RLF        R8, 1
;__Lib_Math.c,444 :: 		
0x0049	0x0DF9      	RLF        R9, 1
;__Lib_Math.c,445 :: 		
0x004A	0x0874      	MOVF       R4, 0
;__Lib_Math.c,447 :: 		
0x004B	0x1C70      	BTFSS      R0, 0
;__Lib_Math.c,448 :: 		
0x004C	0x2853      	GOTO       $+7
;__Lib_Math.c,449 :: 		
0x004D	0x02F8      	SUBWF      R8, 1
;__Lib_Math.c,450 :: 		
0x004E	0x0875      	MOVF       R5, 0
;__Lib_Math.c,451 :: 		
0x004F	0x1C03      	BTFSS      STATUS, 0
;__Lib_Math.c,452 :: 		
0x0050	0x0F75      	INCFSZ     R5, 0
;__Lib_Math.c,453 :: 		
0x0051	0x02F9      	SUBWF      R9, 1
;__Lib_Math.c,454 :: 		
0x0052	0x2858      	GOTO       $+6
;__Lib_Math.c,456 :: 		
0x0053	0x07F8      	ADDWF      R8, 1
;__Lib_Math.c,457 :: 		
0x0054	0x0875      	MOVF       R5, 0
;__Lib_Math.c,458 :: 		
0x0055	0x1803      	BTFSC      STATUS, 0
;__Lib_Math.c,459 :: 		
0x0056	0x0F75      	INCFSZ     R5, 0
;__Lib_Math.c,460 :: 		
0x0057	0x07F9      	ADDWF      R9, 1
;__Lib_Math.c,462 :: 		
0x0058	0x0DF0      	RLF        R0, 1
;__Lib_Math.c,463 :: 		
0x0059	0x0DF1      	RLF        R1, 1
;__Lib_Math.c,465 :: 		
0x005A	0x0BFC      	DECFSZ     R12, 1
;__Lib_Math.c,466 :: 		
0x005B	0x2847      	GOTO       $-20
;__Lib_Math.c,468 :: 		
0x005C	0x1870      	BTFSC      R0, 0
;__Lib_Math.c,469 :: 		
0x005D	0x2864      	GOTO       $+7
;__Lib_Math.c,470 :: 		
0x005E	0x0874      	MOVF       R4, 0
;__Lib_Math.c,471 :: 		
0x005F	0x07F8      	ADDWF      R8, 1
;__Lib_Math.c,472 :: 		
0x0060	0x0875      	MOVF       R5, 0
;__Lib_Math.c,473 :: 		
0x0061	0x1803      	BTFSC      STATUS, 0
;__Lib_Math.c,474 :: 		
0x0062	0x0F75      	INCFSZ     R5, 0
;__Lib_Math.c,475 :: 		
0x0063	0x07F9      	ADDWF      R9, 1
;__Lib_Math.c,476 :: 		
0x0064	0x0000      	NOP
;__Lib_Math.c,478 :: 		
L_end_Div_16x16_S_L:
0x0065	0x0008      	RETURN
; end of _Div_16x16_S_L
_Mul_16X16_U:
;__Lib_Math.c,136 :: 		
;__Lib_Math.c,143 :: 		
0x0066	0x1283      	BCF        STATUS, 5
;__Lib_Math.c,144 :: 		
0x0067	0x1303      	BCF        STATUS, 6
;__Lib_Math.c,145 :: 		
0x0068	0x01FB      	CLRF       R11
;__Lib_Math.c,146 :: 		
0x0069	0x01FA      	CLRF       R10
;__Lib_Math.c,147 :: 		
0x006A	0x01F9      	CLRF       R9
;__Lib_Math.c,148 :: 		
0x006B	0x3080      	MOVLW      128
;__Lib_Math.c,149 :: 		
0x006C	0x00F8      	MOVWF      R8
;__Lib_Math.c,150 :: 		
0x006D	0x0CF1      	RRF        R1, 1
;__Lib_Math.c,151 :: 		
0x006E	0x0CF0      	RRF        R0, 1
;__Lib_Math.c,152 :: 		
0x006F	0x1C03      	BTFSS      STATUS, 0
;__Lib_Math.c,153 :: 		
0x0070	0x287A      	GOTO       $+10
;__Lib_Math.c,154 :: 		
0x0071	0x0874      	MOVF       R4, 0
;__Lib_Math.c,155 :: 		
0x0072	0x07F9      	ADDWF      R9, 1
;__Lib_Math.c,156 :: 		
0x0073	0x0875      	MOVF       R5, 0
;__Lib_Math.c,157 :: 		
0x0074	0x1803      	BTFSC      STATUS, 0
;__Lib_Math.c,158 :: 		
0x0075	0x0F75      	INCFSZ     R5, 0
;__Lib_Math.c,159 :: 		
0x0076	0x07FA      	ADDWF      R10, 1
;__Lib_Math.c,160 :: 		
0x0077	0x1803      	BTFSC      STATUS, 0
;__Lib_Math.c,161 :: 		
0x0078	0x0AFB      	INCF       R11, 1
;__Lib_Math.c,162 :: 		
0x0079	0x1003      	BCF        STATUS, 0
;__Lib_Math.c,163 :: 		
0x007A	0x1FF0      	BTFSS      R0, 7
;__Lib_Math.c,164 :: 		
0x007B	0x2882      	GOTO       $+7
;__Lib_Math.c,165 :: 		
0x007C	0x0874      	MOVF       R4, 0
;__Lib_Math.c,166 :: 		
0x007D	0x07FA      	ADDWF      R10, 1
;__Lib_Math.c,167 :: 		
0x007E	0x0875      	MOVF       R5, 0
;__Lib_Math.c,168 :: 		
0x007F	0x1803      	BTFSC      STATUS, 0
;__Lib_Math.c,169 :: 		
0x0080	0x0F75      	INCFSZ     R5, 0
;__Lib_Math.c,170 :: 		
0x0081	0x07FB      	ADDWF      R11, 1
;__Lib_Math.c,171 :: 		
0x0082	0x0CFB      	RRF        R11, 1
;__Lib_Math.c,172 :: 		
0x0083	0x0CFA      	RRF        R10, 1
;__Lib_Math.c,173 :: 		
0x0084	0x0CF9      	RRF        R9, 1
;__Lib_Math.c,174 :: 		
0x0085	0x0CF8      	RRF        R8, 1
;__Lib_Math.c,175 :: 		
0x0086	0x1C03      	BTFSS      STATUS, 0
;__Lib_Math.c,176 :: 		
0x0087	0x286D      	GOTO       $-26
;__Lib_Math.c,177 :: 		
0x0088	0x087B      	MOVF       R11, 0
;__Lib_Math.c,178 :: 		
0x0089	0x00F3      	MOVWF      R3
;__Lib_Math.c,179 :: 		
0x008A	0x087A      	MOVF       R10, 0
;__Lib_Math.c,180 :: 		
0x008B	0x00F2      	MOVWF      R2
;__Lib_Math.c,181 :: 		
0x008C	0x0879      	MOVF       R9, 0
;__Lib_Math.c,182 :: 		
0x008D	0x00F1      	MOVWF      R1
;__Lib_Math.c,183 :: 		
0x008E	0x0878      	MOVF       R8, 0
;__Lib_Math.c,184 :: 		
0x008F	0x00F0      	MOVWF      R0
;__Lib_Math.c,187 :: 		
L_end_Mul_16X16_U:
0x0090	0x0008      	RETURN
; end of _Mul_16X16_U
_____DoICP:
;__Lib_System.c,6 :: 		
;__Lib_System.c,9 :: 		
0x0091	0x1283      	BCF        STATUS, 5
0x0092	0x1303      	BCF        STATUS, 6
0x0093	0x0830      	MOVF       ___DoICPAddr+1, 0
0x0094	0x008A      	MOVWF      PCLATH
;__Lib_System.c,10 :: 		
0x0095	0x082F      	MOVF       ___DoICPAddr, 0
0x0096	0x0082      	MOVWF      PCL
;__Lib_System.c,12 :: 		
L_end_____DoICP:
0x0097	0x0008      	RETURN
; end of _____DoICP
_Div_16x16_S:
;__Lib_Math.c,480 :: 		
;__Lib_Math.c,488 :: 		
0x0098	0x1283      	BCF        STATUS, 5
0x0099	0x1303      	BCF        STATUS, 6
0x009A	0x0874      	MOVF       R4, 0
0x009B	0x3A00      	XORLW      0
0x009C	0x1D03      	BTFSS      STATUS, 2
0x009D	0x28A7      	GOTO       L_Div_16x16_S0
;__Lib_Math.c,489 :: 		
0x009E	0x0875      	MOVF       R5, 0
0x009F	0x3A00      	XORLW      0
0x00A0	0x1D03      	BTFSS      STATUS, 2
0x00A1	0x28A7      	GOTO       L_Div_16x16_S1
;__Lib_Math.c,490 :: 		
0x00A2	0x30FF      	MOVLW      255
0x00A3	0x00F0      	MOVWF      R0
;__Lib_Math.c,491 :: 		
0x00A4	0x307F      	MOVLW      127
0x00A5	0x00F1      	MOVWF      R1
;__Lib_Math.c,492 :: 		
0x00A6	0x2900      	GOTO       L_end_Div_16x16_S
;__Lib_Math.c,493 :: 		
L_Div_16x16_S1:
L_Div_16x16_S0:
;__Lib_Math.c,496 :: 		
0x00A7	0x1283      	BCF        STATUS, 5
;__Lib_Math.c,497 :: 		
0x00A8	0x1303      	BCF        STATUS, 6
;__Lib_Math.c,498 :: 		
0x00A9	0x01FD      	CLRF       R13
;__Lib_Math.c,499 :: 		
0x00AA	0x01F9      	CLRF       R9
;__Lib_Math.c,500 :: 		
0x00AB	0x01F8      	CLRF       R8
;__Lib_Math.c,501 :: 		
0x00AC	0x0871      	MOVF       R1, 0
;__Lib_Math.c,502 :: 		
0x00AD	0x0470      	IORWF      R0, 0
;__Lib_Math.c,503 :: 		
0x00AE	0x1903      	BTFSC      STATUS, 2
;__Lib_Math.c,504 :: 		
0x00AF	0x3400      	RETLW      0
;__Lib_Math.c,506 :: 		
0x00B0	0x0871      	MOVF       R1, 0
;__Lib_Math.c,507 :: 		
0x00B1	0x0675      	XORWF      R5, 0
;__Lib_Math.c,508 :: 		
0x00B2	0x00FA      	MOVWF      R10
;__Lib_Math.c,509 :: 		
0x00B3	0x1BFA      	BTFSC      R10, 7
;__Lib_Math.c,510 :: 		
0x00B4	0x09FD      	COMF       R13, 1
;__Lib_Math.c,512 :: 		
0x00B5	0x01FB      	CLRF       R11
;__Lib_Math.c,514 :: 		
0x00B6	0x1FF5      	BTFSS      R5, 7
;__Lib_Math.c,515 :: 		
0x00B7	0x28BD      	GOTO       $+6
;__Lib_Math.c,517 :: 		
0x00B8	0x09F4      	COMF       R4, 1
;__Lib_Math.c,518 :: 		
0x00B9	0x09F5      	COMF       R5, 1
;__Lib_Math.c,519 :: 		
0x00BA	0x0AF4      	INCF       R4, 1
;__Lib_Math.c,520 :: 		
0x00BB	0x1903      	BTFSC      STATUS, 2
;__Lib_Math.c,521 :: 		
0x00BC	0x0AF5      	INCF       R5, 1
;__Lib_Math.c,523 :: 		
0x00BD	0x1FF1      	BTFSS      R1, 7
;__Lib_Math.c,524 :: 		
0x00BE	0x28C4      	GOTO       $+6
;__Lib_Math.c,526 :: 		
0x00BF	0x09F0      	COMF       R0, 1
;__Lib_Math.c,527 :: 		
0x00C0	0x09F1      	COMF       R1, 1
;__Lib_Math.c,528 :: 		
0x00C1	0x0AF0      	INCF       R0, 1
;__Lib_Math.c,529 :: 		
0x00C2	0x1903      	BTFSC      STATUS, 2
;__Lib_Math.c,530 :: 		
0x00C3	0x0AF1      	INCF       R1, 1
;__Lib_Math.c,532 :: 		
0x00C4	0x0871      	MOVF       R1, 0
;__Lib_Math.c,533 :: 		
0x00C5	0x0475      	IORWF      R5, 0
;__Lib_Math.c,534 :: 		
0x00C6	0x00FA      	MOVWF      R10
;__Lib_Math.c,535 :: 		
0x00C7	0x1BFA      	BTFSC      R10, 7
;__Lib_Math.c,536 :: 		
0x00C8	0x28D9      	GOTO       $+17
;__Lib_Math.c,538 :: 		
0x00C9	0x203A      	CALL       _Div_16x16_S_L
;__Lib_Math.c,540 :: 		
0x00CA	0x187B      	BTFSC      R11, 0
;__Lib_Math.c,541 :: 		
0x00CB	0x28EC      	GOTO       $+33
;__Lib_Math.c,543 :: 		
0x00CC	0x1FFD      	BTFSS      R13, 7
;__Lib_Math.c,544 :: 		
0x00CD	0x3400      	RETLW      0
;__Lib_Math.c,546 :: 		
0x00CE	0x09F0      	COMF       R0, 1
;__Lib_Math.c,547 :: 		
0x00CF	0x09F1      	COMF       R1, 1
;__Lib_Math.c,548 :: 		
0x00D0	0x0AF0      	INCF       R0, 1
;__Lib_Math.c,549 :: 		
0x00D1	0x1903      	BTFSC      STATUS, 2
;__Lib_Math.c,550 :: 		
0x00D2	0x0AF1      	INCF       R1, 1
;__Lib_Math.c,552 :: 		
0x00D3	0x09F8      	COMF       R8, 1
;__Lib_Math.c,553 :: 		
0x00D4	0x09F9      	COMF       R9, 1
;__Lib_Math.c,554 :: 		
0x00D5	0x0AF8      	INCF       R8, 1
;__Lib_Math.c,555 :: 		
0x00D6	0x1903      	BTFSC      STATUS, 2
;__Lib_Math.c,556 :: 		
0x00D7	0x0AF9      	INCF       R9, 1
;__Lib_Math.c,558 :: 		
0x00D8	0x3400      	RETLW      0
;__Lib_Math.c,560 :: 		
0x00D9	0x1FF5      	BTFSS      R5, 7
;__Lib_Math.c,561 :: 		
0x00DA	0x28E8      	GOTO       $+14
;__Lib_Math.c,562 :: 		
0x00DB	0x1BF1      	BTFSC      R1, 7
;__Lib_Math.c,563 :: 		
0x00DC	0x28E4      	GOTO       $+8
;__Lib_Math.c,564 :: 		
0x00DD	0x0871      	MOVF       R1, 0
;__Lib_Math.c,565 :: 		
0x00DE	0x00F9      	MOVWF      R9
;__Lib_Math.c,566 :: 		
0x00DF	0x0870      	MOVF       R0, 0
;__Lib_Math.c,567 :: 		
0x00E0	0x00F8      	MOVWF      R8
;__Lib_Math.c,568 :: 		
0x00E1	0x01F1      	CLRF       R1
;__Lib_Math.c,569 :: 		
0x00E2	0x01F0      	CLRF       R0
;__Lib_Math.c,570 :: 		
0x00E3	0x28CC      	GOTO       $-23
;__Lib_Math.c,571 :: 		
0x00E4	0x01F1      	CLRF       R1
;__Lib_Math.c,572 :: 		
0x00E5	0x01F0      	CLRF       R0
;__Lib_Math.c,573 :: 		
0x00E6	0x0AF0      	INCF       R0, 1
;__Lib_Math.c,574 :: 		
0x00E7	0x3400      	RETLW      0
;__Lib_Math.c,576 :: 		
0x00E8	0x09F1      	COMF       R1, 1
;__Lib_Math.c,577 :: 		
0x00E9	0x09F0      	COMF       R0, 1
;__Lib_Math.c,578 :: 		
0x00EA	0x0AFB      	INCF       R11, 1
;__Lib_Math.c,579 :: 		
0x00EB	0x28C9      	GOTO       $-34
;__Lib_Math.c,581 :: 		
0x00EC	0x0AF8      	INCF       R8, 1
;__Lib_Math.c,582 :: 		
0x00ED	0x1903      	BTFSC      STATUS, 2
;__Lib_Math.c,583 :: 		
0x00EE	0x0AF9      	INCF       R9, 1
;__Lib_Math.c,584 :: 		
0x00EF	0x0874      	MOVF       R4, 0
;__Lib_Math.c,585 :: 		
0x00F0	0x0278      	SUBWF      R8, 0
;__Lib_Math.c,586 :: 		
0x00F1	0x1D03      	BTFSS      STATUS, 2
;__Lib_Math.c,587 :: 		
0x00F2	0x28CC      	GOTO       $-38
;__Lib_Math.c,588 :: 		
0x00F3	0x0875      	MOVF       R5, 0
;__Lib_Math.c,589 :: 		
0x00F4	0x0279      	SUBWF      R9, 0
;__Lib_Math.c,590 :: 		
0x00F5	0x1D03      	BTFSS      STATUS, 2
;__Lib_Math.c,591 :: 		
0x00F6	0x28CC      	GOTO       $-42
;__Lib_Math.c,592 :: 		
0x00F7	0x01F9      	CLRF       R9
;__Lib_Math.c,593 :: 		
0x00F8	0x01F8      	CLRF       R8
;__Lib_Math.c,594 :: 		
0x00F9	0x0AF0      	INCF       R0, 1
;__Lib_Math.c,595 :: 		
0x00FA	0x1903      	BTFSC      STATUS, 2
;__Lib_Math.c,596 :: 		
0x00FB	0x0AF1      	INCF       R1, 1
;__Lib_Math.c,597 :: 		
0x00FC	0x1FF1      	BTFSS      R1, 7
;__Lib_Math.c,598 :: 		
0x00FD	0x28CC      	GOTO       $-49
;__Lib_Math.c,599 :: 		
0x00FE	0x0000      	NOP
;__Lib_Math.c,600 :: 		
0x00FF	0x34FF      	RETLW      255
;__Lib_Math.c,602 :: 		
L_end_Div_16x16_S:
0x0100	0x0008      	RETURN
; end of _Div_16x16_S
_VDelay_ms:
;__Lib_Delays.c,82 :: 		void VDelay_ms(unsigned Time_ms){
;__Lib_Delays.c,84 :: 		NumberOfCyc = Clock_kHz()>>2; // this will be done by compiler, no asm will be genereated except that for assignment;
0x0101	0x30D0      	MOVLW      208
0x0102	0x1283      	BCF        STATUS, 5
0x0103	0x1303      	BCF        STATUS, 6
0x0104	0x00BB      	MOVWF      VDelay_ms_NumberOfCyc_L0
0x0105	0x3007      	MOVLW      7
0x0106	0x00BC      	MOVWF      VDelay_ms_NumberOfCyc_L0+1
0x0107	0x01BD      	CLRF       VDelay_ms_NumberOfCyc_L0+2
0x0108	0x01BE      	CLRF       VDelay_ms_NumberOfCyc_L0+3
;__Lib_Delays.c,85 :: 		NumberOfCyc *= Time_ms;
0x0109	0x30D0      	MOVLW      208
0x010A	0x00F0      	MOVWF      R0
0x010B	0x3007      	MOVLW      7
0x010C	0x00F1      	MOVWF      R0+1
0x010D	0x3000      	MOVLW      0
0x010E	0x00F2      	MOVWF      R0+2
0x010F	0x3000      	MOVLW      0
0x0110	0x00F3      	MOVWF      R0+3
0x0111	0x0839      	MOVF       FARG_VDelay_ms_Time_ms, 0
0x0112	0x00F4      	MOVWF      R4
0x0113	0x083A      	MOVF       FARG_VDelay_ms_Time_ms+1, 0
0x0114	0x00F5      	MOVWF      R4+1
0x0115	0x01F6      	CLRF       R4+2
0x0116	0x01F7      	CLRF       R4+3
0x0117	0x2003      	CALL       _Mul_32x32_U
0x0118	0x0870      	MOVF       R0, 0
0x0119	0x00BB      	MOVWF      VDelay_ms_NumberOfCyc_L0
0x011A	0x0871      	MOVF       R0+1, 0
0x011B	0x00BC      	MOVWF      VDelay_ms_NumberOfCyc_L0+1
0x011C	0x0872      	MOVF       R0+2, 0
0x011D	0x00BD      	MOVWF      VDelay_ms_NumberOfCyc_L0+2
0x011E	0x0873      	MOVF       R0+3, 0
0x011F	0x00BE      	MOVWF      VDelay_ms_NumberOfCyc_L0+3
;__Lib_Delays.c,86 :: 		if (NumberOfCyc < 690)
0x0120	0x3000      	MOVLW      0
0x0121	0x0273      	SUBWF      R0+3, 0
0x0122	0x1D03      	BTFSS      STATUS, 2
0x0123	0x292E      	GOTO       L__VDelay_ms38
0x0124	0x3000      	MOVLW      0
0x0125	0x0272      	SUBWF      R0+2, 0
0x0126	0x1D03      	BTFSS      STATUS, 2
0x0127	0x292E      	GOTO       L__VDelay_ms38
0x0128	0x3002      	MOVLW      2
0x0129	0x0271      	SUBWF      R0+1, 0
0x012A	0x1D03      	BTFSS      STATUS, 2
0x012B	0x292E      	GOTO       L__VDelay_ms38
0x012C	0x30B2      	MOVLW      178
0x012D	0x0270      	SUBWF      R0, 0
L__VDelay_ms38:
0x012E	0x1803      	BTFSC      STATUS, 0
0x012F	0x2931      	GOTO       L_VDelay_ms15
;__Lib_Delays.c,87 :: 		return;
0x0130	0x2970      	GOTO       L_end_VDelay_ms
L_VDelay_ms15:
;__Lib_Delays.c,88 :: 		NumberOfCyc -= 690;
0x0131	0x30B2      	MOVLW      178
0x0132	0x00F0      	MOVWF      R0
0x0133	0x3002      	MOVLW      2
0x0134	0x00F1      	MOVWF      R0+1
0x0135	0x01F2      	CLRF       R0+2
0x0136	0x01F3      	CLRF       R0+3
0x0137	0x0870      	MOVF       R0, 0
0x0138	0x02BB      	SUBWF      VDelay_ms_NumberOfCyc_L0, 1
0x0139	0x0871      	MOVF       R0+1, 0
0x013A	0x1C03      	BTFSS      STATUS, 0
0x013B	0x0F71      	INCFSZ     R0+1, 0
0x013C	0x02BC      	SUBWF      VDelay_ms_NumberOfCyc_L0+1, 1
0x013D	0x0872      	MOVF       R0+2, 0
0x013E	0x1C03      	BTFSS      STATUS, 0
0x013F	0x0F72      	INCFSZ     R0+2, 0
0x0140	0x02BD      	SUBWF      VDelay_ms_NumberOfCyc_L0+2, 1
0x0141	0x0873      	MOVF       R0+3, 0
0x0142	0x1C03      	BTFSS      STATUS, 0
0x0143	0x0F73      	INCFSZ     R0+3, 0
0x0144	0x02BE      	SUBWF      VDelay_ms_NumberOfCyc_L0+3, 1
;__Lib_Delays.c,89 :: 		NumberOfCyc =  NumberOfCyc >> 5; // Dec and While below take around 32 instructions
0x0145	0x3005      	MOVLW      5
0x0146	0x00F0      	MOVWF      R0
0x0147	0x0870      	MOVF       R0, 0
L__VDelay_ms39:
0x0148	0x1903      	BTFSC      STATUS, 2
0x0149	0x2951      	GOTO       L__VDelay_ms40
0x014A	0x0CBE      	RRF        VDelay_ms_NumberOfCyc_L0+3, 1
0x014B	0x0CBD      	RRF        VDelay_ms_NumberOfCyc_L0+2, 1
0x014C	0x0CBC      	RRF        VDelay_ms_NumberOfCyc_L0+1, 1
0x014D	0x0CBB      	RRF        VDelay_ms_NumberOfCyc_L0, 1
0x014E	0x13BE      	BCF        VDelay_ms_NumberOfCyc_L0+3, 7
0x014F	0x3EFF      	ADDLW      255
0x0150	0x2948      	GOTO       L__VDelay_ms39
L__VDelay_ms40:
;__Lib_Delays.c,90 :: 		while (NumberOfCyc--)
L_VDelay_ms16:
0x0151	0x083B      	MOVF       VDelay_ms_NumberOfCyc_L0, 0
0x0152	0x00F0      	MOVWF      R0
0x0153	0x083C      	MOVF       VDelay_ms_NumberOfCyc_L0+1, 0
0x0154	0x00F1      	MOVWF      R0+1
0x0155	0x083D      	MOVF       VDelay_ms_NumberOfCyc_L0+2, 0
0x0156	0x00F2      	MOVWF      R0+2
0x0157	0x083E      	MOVF       VDelay_ms_NumberOfCyc_L0+3, 0
0x0158	0x00F3      	MOVWF      R0+3
0x0159	0x3001      	MOVLW      1
0x015A	0x02BB      	SUBWF      VDelay_ms_NumberOfCyc_L0, 1
0x015B	0x1C03      	BTFSS      STATUS, 0
0x015C	0x02BC      	SUBWF      VDelay_ms_NumberOfCyc_L0+1, 1
0x015D	0x1C03      	BTFSS      STATUS, 0
0x015E	0x02BD      	SUBWF      VDelay_ms_NumberOfCyc_L0+2, 1
0x015F	0x1C03      	BTFSS      STATUS, 0
0x0160	0x02BE      	SUBWF      VDelay_ms_NumberOfCyc_L0+3, 1
0x0161	0x0870      	MOVF       R0, 0
0x0162	0x0471      	IORWF      R0+1, 0
0x0163	0x0472      	IORWF      R0+2, 0
0x0164	0x0473      	IORWF      R0+3, 0
0x0165	0x1903      	BTFSC      STATUS, 2
0x0166	0x2970      	GOTO       L_VDelay_ms17
;__Lib_Delays.c,92 :: 		asm nop;
0x0167	0x0000      	NOP
;__Lib_Delays.c,93 :: 		asm nop;
0x0168	0x0000      	NOP
;__Lib_Delays.c,94 :: 		asm nop;
0x0169	0x0000      	NOP
;__Lib_Delays.c,95 :: 		asm nop;
0x016A	0x0000      	NOP
;__Lib_Delays.c,96 :: 		asm nop;
0x016B	0x0000      	NOP
;__Lib_Delays.c,97 :: 		asm nop;
0x016C	0x0000      	NOP
;__Lib_Delays.c,98 :: 		asm nop;
0x016D	0x0000      	NOP
;__Lib_Delays.c,99 :: 		asm nop;
0x016E	0x0000      	NOP
;__Lib_Delays.c,100 :: 		}
0x016F	0x2951      	GOTO       L_VDelay_ms16
L_VDelay_ms17:
;__Lib_Delays.c,101 :: 		}
L_end_VDelay_ms:
0x0170	0x0008      	RETURN
; end of _VDelay_ms
_light_num:
;MyProject.c,8 :: 		void light_num() {
;MyProject.c,9 :: 		while (1) {
L_light_num0:
;MyProject.c,10 :: 		for (j = 0; j < 25; j++) {
0x0171	0x1283      	BCF        STATUS, 5
0x0172	0x1303      	BCF        STATUS, 6
0x0173	0x01B1      	CLRF       _j
0x0174	0x01B2      	CLRF       _j+1
L_light_num2:
0x0175	0x3080      	MOVLW      128
0x0176	0x0632      	XORWF      _j+1, 0
0x0177	0x00F0      	MOVWF      R0
0x0178	0x3080      	MOVLW      128
0x0179	0x0270      	SUBWF      R0, 0
0x017A	0x1D03      	BTFSS      STATUS, 2
0x017B	0x297E      	GOTO       L__light_num17
0x017C	0x3019      	MOVLW      25
0x017D	0x0231      	SUBWF      _j, 0
L__light_num17:
0x017E	0x1803      	BTFSC      STATUS, 0
0x017F	0x2A3D      	GOTO       L_light_num3
;MyProject.c,11 :: 		number2 = number;
0x0180	0x082D      	MOVF       _number, 0
0x0181	0x00AB      	MOVWF      _number2
0x0182	0x082E      	MOVF       _number+1, 0
0x0183	0x00AC      	MOVWF      _number2+1
;MyProject.c,12 :: 		if (number2 < 0) number2 *= -1;
0x0184	0x3080      	MOVLW      128
0x0185	0x062E      	XORWF      _number+1, 0
0x0186	0x00F0      	MOVWF      R0
0x0187	0x3080      	MOVLW      128
0x0188	0x0270      	SUBWF      R0, 0
0x0189	0x1D03      	BTFSS      STATUS, 2
0x018A	0x298D      	GOTO       L__light_num18
0x018B	0x3000      	MOVLW      0
0x018C	0x022D      	SUBWF      _number, 0
L__light_num18:
0x018D	0x1803      	BTFSC      STATUS, 0
0x018E	0x299C      	GOTO       L_light_num5
0x018F	0x082B      	MOVF       _number2, 0
0x0190	0x00F0      	MOVWF      R0
0x0191	0x082C      	MOVF       _number2+1, 0
0x0192	0x00F1      	MOVWF      R0+1
0x0193	0x30FF      	MOVLW      255
0x0194	0x00F4      	MOVWF      R4
0x0195	0x30FF      	MOVLW      255
0x0196	0x00F5      	MOVWF      R4+1
0x0197	0x2066      	CALL       _Mul_16X16_U
0x0198	0x0870      	MOVF       R0, 0
0x0199	0x00AB      	MOVWF      _number2
0x019A	0x0871      	MOVF       R0+1, 0
0x019B	0x00AC      	MOVWF      _number2+1
L_light_num5:
;MyProject.c,13 :: 		fdigit = number2 / 10;
0x019C	0x300A      	MOVLW      10
0x019D	0x00F4      	MOVWF      R4
0x019E	0x3000      	MOVLW      0
0x019F	0x00F5      	MOVWF      R4+1
0x01A0	0x082B      	MOVF       _number2, 0
0x01A1	0x00F0      	MOVWF      R0
0x01A2	0x082C      	MOVF       _number2+1, 0
0x01A3	0x00F1      	MOVWF      R0+1
0x01A4	0x2098      	CALL       _Div_16x16_S
0x01A5	0x0870      	MOVF       R0, 0
0x01A6	0x00B7      	MOVWF      _fdigit
0x01A7	0x0871      	MOVF       R0+1, 0
0x01A8	0x00B8      	MOVWF      _fdigit+1
;MyProject.c,14 :: 		ldigit = number2 % 10;
0x01A9	0x300A      	MOVLW      10
0x01AA	0x00F4      	MOVWF      R4
0x01AB	0x3000      	MOVLW      0
0x01AC	0x00F5      	MOVWF      R4+1
0x01AD	0x082B      	MOVF       _number2, 0
0x01AE	0x00F0      	MOVWF      R0
0x01AF	0x082C      	MOVF       _number2+1, 0
0x01B0	0x00F1      	MOVWF      R0+1
0x01B1	0x2098      	CALL       _Div_16x16_S
0x01B2	0x0878      	MOVF       R8, 0
0x01B3	0x00F0      	MOVWF      R0
0x01B4	0x0879      	MOVF       R8+1, 0
0x01B5	0x00F1      	MOVWF      R0+1
0x01B6	0x0870      	MOVF       R0, 0
0x01B7	0x00B3      	MOVWF      _ldigit
0x01B8	0x0871      	MOVF       R0+1, 0
0x01B9	0x00B4      	MOVWF      _ldigit+1
;MyProject.c,16 :: 		portc.f0 = 1;
0x01BA	0x1407      	BSF        PORTC, 0
;MyProject.c,17 :: 		if (number < 0) {
0x01BB	0x3080      	MOVLW      128
0x01BC	0x062E      	XORWF      _number+1, 0
0x01BD	0x00F0      	MOVWF      R0
0x01BE	0x3080      	MOVLW      128
0x01BF	0x0270      	SUBWF      R0, 0
0x01C0	0x1D03      	BTFSS      STATUS, 2
0x01C1	0x29C4      	GOTO       L__light_num19
0x01C2	0x3000      	MOVLW      0
0x01C3	0x022D      	SUBWF      _number, 0
L__light_num19:
0x01C4	0x1803      	BTFSC      STATUS, 0
0x01C5	0x29C9      	GOTO       L_light_num6
;MyProject.c,18 :: 		portb = ca[10];
0x01C6	0x082A      	MOVF       _ca+10, 0
0x01C7	0x0086      	MOVWF      PORTB
;MyProject.c,19 :: 		}else {
0x01C8	0x29CE      	GOTO       L_light_num7
L_light_num6:
;MyProject.c,20 :: 		portb = ca[fdigit];
0x01C9	0x0837      	MOVF       _fdigit, 0
0x01CA	0x3E20      	ADDLW      _ca
0x01CB	0x0084      	MOVWF      FSR
0x01CC	0x0800      	MOVF       INDF, 0
0x01CD	0x0086      	MOVWF      PORTB
;MyProject.c,21 :: 		}
L_light_num7:
;MyProject.c,22 :: 		vdelay_ms(10);
0x01CE	0x300A      	MOVLW      10
0x01CF	0x00B9      	MOVWF      FARG_VDelay_ms_Time_ms
0x01D0	0x3000      	MOVLW      0
0x01D1	0x00BA      	MOVWF      FARG_VDelay_ms_Time_ms+1
0x01D2	0x2101      	CALL       _VDelay_ms
;MyProject.c,23 :: 		portc.f0 = 0;
0x01D3	0x1007      	BCF        PORTC, 0
;MyProject.c,25 :: 		portc.f1 = 1;
0x01D4	0x1487      	BSF        PORTC, 1
;MyProject.c,26 :: 		portb = ca[ldigit];
0x01D5	0x0833      	MOVF       _ldigit, 0
0x01D6	0x3E20      	ADDLW      _ca
0x01D7	0x0084      	MOVWF      FSR
0x01D8	0x0800      	MOVF       INDF, 0
0x01D9	0x0086      	MOVWF      PORTB
;MyProject.c,27 :: 		vdelay_ms(10);
0x01DA	0x300A      	MOVLW      10
0x01DB	0x00B9      	MOVWF      FARG_VDelay_ms_Time_ms
0x01DC	0x3000      	MOVLW      0
0x01DD	0x00BA      	MOVWF      FARG_VDelay_ms_Time_ms+1
0x01DE	0x2101      	CALL       _VDelay_ms
;MyProject.c,28 :: 		portc.f1 = 0;
0x01DF	0x1087      	BCF        PORTC, 1
;MyProject.c,30 :: 		if (portd.f0 == 1) {
0x01E0	0x1C08      	BTFSS      PORTD, 0
0x01E1	0x29F5      	GOTO       L_light_num8
;MyProject.c,31 :: 		vdelay_ms(300);
0x01E2	0x302C      	MOVLW      44
0x01E3	0x00B9      	MOVWF      FARG_VDelay_ms_Time_ms
0x01E4	0x3001      	MOVLW      1
0x01E5	0x00BA      	MOVWF      FARG_VDelay_ms_Time_ms+1
0x01E6	0x2101      	CALL       _VDelay_ms
;MyProject.c,32 :: 		++number;
0x01E7	0x0AAD      	INCF       _number, 1
0x01E8	0x1903      	BTFSC      STATUS, 2
0x01E9	0x0AAE      	INCF       _number+1, 1
;MyProject.c,33 :: 		if (number == 100) {
0x01EA	0x3000      	MOVLW      0
0x01EB	0x062E      	XORWF      _number+1, 0
0x01EC	0x1D03      	BTFSS      STATUS, 2
0x01ED	0x29F0      	GOTO       L__light_num20
0x01EE	0x3064      	MOVLW      100
0x01EF	0x062D      	XORWF      _number, 0
L__light_num20:
0x01F0	0x1D03      	BTFSS      STATUS, 2
0x01F1	0x29F4      	GOTO       L_light_num9
;MyProject.c,34 :: 		number = 0;
0x01F2	0x01AD      	CLRF       _number
0x01F3	0x01AE      	CLRF       _number+1
;MyProject.c,35 :: 		}
L_light_num9:
;MyProject.c,36 :: 		break;
0x01F4	0x2A3D      	GOTO       L_light_num3
;MyProject.c,37 :: 		} else if (portd.f1 == 1) {
L_light_num8:
0x01F5	0x1C88      	BTFSS      PORTD, 1
0x01F6	0x2A0B      	GOTO       L_light_num11
;MyProject.c,38 :: 		vdelay_ms(300);
0x01F7	0x302C      	MOVLW      44
0x01F8	0x00B9      	MOVWF      FARG_VDelay_ms_Time_ms
0x01F9	0x3001      	MOVLW      1
0x01FA	0x00BA      	MOVWF      FARG_VDelay_ms_Time_ms+1
0x01FB	0x2101      	CALL       _VDelay_ms
;MyProject.c,39 :: 		--number;
0x01FC	0x3001      	MOVLW      1
0x01FD	0x02AD      	SUBWF      _number, 1
0x01FE	0x1C03      	BTFSS      STATUS, 0
0x01FF	0x03AE      	DECF       _number+1, 1
;MyProject.c,40 :: 		if (number == -10) {
0x0200	0x30FF      	MOVLW      255
0x0201	0x062E      	XORWF      _number+1, 0
0x0202	0x1D03      	BTFSS      STATUS, 2
0x0203	0x2A06      	GOTO       L__light_num21
0x0204	0x30F6      	MOVLW      246
0x0205	0x062D      	XORWF      _number, 0
L__light_num21:
0x0206	0x1D03      	BTFSS      STATUS, 2
0x0207	0x2A0A      	GOTO       L_light_num12
;MyProject.c,41 :: 		number = 0;
0x0208	0x01AD      	CLRF       _number
0x0209	0x01AE      	CLRF       _number+1
;MyProject.c,42 :: 		}
L_light_num12:
;MyProject.c,43 :: 		break;
0x020A	0x2A3D      	GOTO       L_light_num3
;MyProject.c,44 :: 		}
L_light_num11:
;MyProject.c,45 :: 		else if (portd.f2 == 1) {
0x020B	0x1D08      	BTFSS      PORTD, 2
0x020C	0x2A39      	GOTO       L_light_num14
;MyProject.c,47 :: 		numberRelay = number;
0x020D	0x082D      	MOVF       _number, 0
0x020E	0x00B5      	MOVWF      _numberRelay
0x020F	0x082E      	MOVF       _number+1, 0
0x0210	0x00B6      	MOVWF      _numberRelay+1
;MyProject.c,48 :: 		if (numberRelay < 0) {
0x0211	0x3080      	MOVLW      128
0x0212	0x062E      	XORWF      _number+1, 0
0x0213	0x00F0      	MOVWF      R0
0x0214	0x3080      	MOVLW      128
0x0215	0x0270      	SUBWF      R0, 0
0x0216	0x1D03      	BTFSS      STATUS, 2
0x0217	0x2A1A      	GOTO       L__light_num22
0x0218	0x3000      	MOVLW      0
0x0219	0x022D      	SUBWF      _number, 0
L__light_num22:
0x021A	0x1803      	BTFSC      STATUS, 0
0x021B	0x2A29      	GOTO       L_light_num15
;MyProject.c,49 :: 		numberRelay *= -1;
0x021C	0x0835      	MOVF       _numberRelay, 0
0x021D	0x00F0      	MOVWF      R0
0x021E	0x0836      	MOVF       _numberRelay+1, 0
0x021F	0x00F1      	MOVWF      R0+1
0x0220	0x30FF      	MOVLW      255
0x0221	0x00F4      	MOVWF      R4
0x0222	0x30FF      	MOVLW      255
0x0223	0x00F5      	MOVWF      R4+1
0x0224	0x2066      	CALL       _Mul_16X16_U
0x0225	0x0870      	MOVF       R0, 0
0x0226	0x00B5      	MOVWF      _numberRelay
0x0227	0x0871      	MOVF       R0+1, 0
0x0228	0x00B6      	MOVWF      _numberRelay+1
;MyProject.c,50 :: 		}
L_light_num15:
;MyProject.c,52 :: 		portc.f2 = 1;
0x0229	0x1507      	BSF        PORTC, 2
;MyProject.c,53 :: 		vdelay_ms(numberRelay * 1000);
0x022A	0x0835      	MOVF       _numberRelay, 0
0x022B	0x00F0      	MOVWF      R0
0x022C	0x0836      	MOVF       _numberRelay+1, 0
0x022D	0x00F1      	MOVWF      R0+1
0x022E	0x30E8      	MOVLW      232
0x022F	0x00F4      	MOVWF      R4
0x0230	0x3003      	MOVLW      3
0x0231	0x00F5      	MOVWF      R4+1
0x0232	0x2066      	CALL       _Mul_16X16_U
0x0233	0x0870      	MOVF       R0, 0
0x0234	0x00B9      	MOVWF      FARG_VDelay_ms_Time_ms
0x0235	0x0871      	MOVF       R0+1, 0
0x0236	0x00BA      	MOVWF      FARG_VDelay_ms_Time_ms+1
0x0237	0x2101      	CALL       _VDelay_ms
;MyProject.c,54 :: 		portc.f2 = 0;
0x0238	0x1107      	BCF        PORTC, 2
;MyProject.c,56 :: 		}
L_light_num14:
;MyProject.c,10 :: 		for (j = 0; j < 25; j++) {
0x0239	0x0AB1      	INCF       _j, 1
0x023A	0x1903      	BTFSC      STATUS, 2
0x023B	0x0AB2      	INCF       _j+1, 1
;MyProject.c,57 :: 		}
0x023C	0x2975      	GOTO       L_light_num2
L_light_num3:
;MyProject.c,58 :: 		}
0x023D	0x2971      	GOTO       L_light_num0
;MyProject.c,59 :: 		}
L_end_light_num:
0x023E	0x0008      	RETURN
; end of _light_num
___CC2DW:
;__Lib_System.c,134 :: 		
;__Lib_System.c,137 :: 		
_CC2D_Loop1:
;__Lib_System.c,139 :: 		
0x023F	0x2091      	CALL       _____DoICP
0x0240	0x118A      	BCF        PCLATH, 3
0x0241	0x120A      	BCF        PCLATH, 4
;__Lib_System.c,141 :: 		
0x0242	0x0080      	MOVWF      INDF
;__Lib_System.c,142 :: 		
0x0243	0x0A84      	INCF       FSR, 1
;__Lib_System.c,143 :: 		
0x0244	0x0AAF      	INCF       ___DoICPAddr, 1
;__Lib_System.c,145 :: 		
0x0245	0x1903      	BTFSC      STATUS, 2
;__Lib_System.c,146 :: 		
0x0246	0x0AB0      	INCF       ___DoICPAddr+1, 1
;__Lib_System.c,147 :: 		
0x0247	0x03F0      	DECF       R0, 1
;__Lib_System.c,149 :: 		
0x0248	0x1D03      	BTFSS      STATUS, 2
;__Lib_System.c,150 :: 		
0x0249	0x2A3F      	GOTO       _CC2D_Loop1
;__Lib_System.c,152 :: 		
L_end___CC2DW:
0x024A	0x0008      	RETURN
; end of ___CC2DW
_main:
0x024B	0x30C0      	MOVLW      192
0x024C	0x1283      	BCF        STATUS, 5
0x024D	0x1303      	BCF        STATUS, 6
0x024E	0x00A0      	MOVWF      _ca
0x024F	0x30F9      	MOVLW      249
0x0250	0x00A1      	MOVWF      33
0x0251	0x30A4      	MOVLW      164
0x0252	0x00A2      	MOVWF      34
0x0253	0x30B0      	MOVLW      176
0x0254	0x00A3      	MOVWF      35
0x0255	0x3099      	MOVLW      153
0x0256	0x00A4      	MOVWF      36
0x0257	0x3092      	MOVLW      146
0x0258	0x00A5      	MOVWF      37
0x0259	0x3082      	MOVLW      130
0x025A	0x00A6      	MOVWF      38
0x025B	0x30F8      	MOVLW      248
0x025C	0x00A7      	MOVWF      39
0x025D	0x3080      	MOVLW      128
0x025E	0x00A8      	MOVWF      40
0x025F	0x3090      	MOVLW      144
0x0260	0x00A9      	MOVWF      41
0x0261	0x30BF      	MOVLW      191
0x0262	0x00AA      	MOVWF      42
0x0263	0x01AB      	CLRF       _number2
0x0264	0x01AC      	CLRF       44
0x0265	0x01AD      	CLRF       _number
0x0266	0x01AE      	CLRF       46
;MyProject.c,61 :: 		void main() {
;MyProject.c,62 :: 		TRISB = 0x00;
0x0267	0x1683      	BSF        STATUS, 5
0x0268	0x0186      	CLRF       TRISB
;MyProject.c,63 :: 		portb = 0x00;
0x0269	0x1283      	BCF        STATUS, 5
0x026A	0x0186      	CLRF       PORTB
;MyProject.c,65 :: 		TRISC = 0x00;
0x026B	0x1683      	BSF        STATUS, 5
0x026C	0x0187      	CLRF       TRISC
;MyProject.c,66 :: 		portc = 0x00;
0x026D	0x1283      	BCF        STATUS, 5
0x026E	0x0187      	CLRF       PORTC
;MyProject.c,68 :: 		TRISD = 0xff;
0x026F	0x30FF      	MOVLW      255
0x0270	0x1683      	BSF        STATUS, 5
0x0271	0x0088      	MOVWF      TRISD
;MyProject.c,69 :: 		portd = 0x00;
0x0272	0x1283      	BCF        STATUS, 5
0x0273	0x0188      	CLRF       PORTD
;MyProject.c,71 :: 		light_num();
0x0274	0x2171      	CALL       _light_num
;MyProject.c,74 :: 		}
L_end_main:
0x0275	0x2A75      	GOTO       $+0
; end of _main
Symbol List:
//** Routines locations **
//ADDRESS    SIZE    PROCEDURE
//----------------------------------------------
0x0003      [55]    _Mul_32x32_U
0x003A      [44]    _Div_16x16_S_L
0x0066      [43]    _Mul_16X16_U
0x0091       [7]    _____DoICP
0x0098     [105]    _Div_16x16_S
0x0101     [112]    _VDelay_ms
0x0171     [206]    _light_num
0x023F      [12]    ___CC2DW
0x024B      [43]    _main
//** Variables locations ** 
//ADDRESS    SIZE    VARIABLE
//----------------------------------------------
0x0000       [1]    INDF
0x0002       [1]    PCL
0x0003       [1]    STATUS
0x0004       [1]    FSR
0x0006       [1]    PORTB
0x0007       [1]    PORTC
0x0008       [1]    PORTD
0x000A       [1]    PCLATH
0x0020      [11]    _ca
0x002B       [2]    _number2
0x002D       [2]    _number
0x002F       [2]    ___DoICPAddr
0x0031       [2]    _j
0x0033       [2]    _ldigit
0x0035       [2]    _numberRelay
0x0037       [2]    _fdigit
0x0039       [2]    FARG_VDelay_ms_Time_ms
0x003B       [4]    VDelay_ms_NumberOfCyc_L0
0x0070       [1]    R0
0x0071       [1]    R1
0x0072       [1]    R2
0x0073       [1]    R3
0x0074       [1]    R4
0x0075       [1]    R5
0x0076       [1]    R6
0x0077       [1]    R7
0x0078       [1]    R8
0x0079       [1]    R9
0x007A       [1]    R10
0x007B       [1]    R11
0x007C       [1]    R12
0x007D       [1]    R13
0x007E       [1]    R14
0x007F       [1]    R15
0x0086       [1]    TRISB
0x0087       [1]    TRISC
0x0088       [1]    TRISD
