;  LST file generated by mikroListExporter - v.2.0 
; Date/Time: 15-Aug-23 10:57:20 PM
;----------------------------------------------

;Address Opcode 	ASM
0x0000	0x2803      	GOTO       3
_main:
;codeForRelay.c,1 :: 		void main() {
;codeForRelay.c,2 :: 		TRISB = 0x00;
0x0003	0x1683      	BSF        STATUS, 5
0x0004	0x1303      	BCF        STATUS, 6
0x0005	0x0186      	CLRF       TRISB
;codeForRelay.c,3 :: 		PORTB = 0X00;
0x0006	0x1283      	BCF        STATUS, 5
0x0007	0x0186      	CLRF       PORTB
;codeForRelay.c,5 :: 		while (1) {
L_main0:
;codeForRelay.c,6 :: 		portb.RB0 = 1;
0x0008	0x1406      	BSF        PORTB, 0
;codeForRelay.c,7 :: 		delay_ms(200);
0x0009	0x3003      	MOVLW      3
0x000A	0x00FB      	MOVWF      R11
0x000B	0x3008      	MOVLW      8
0x000C	0x00FC      	MOVWF      R12
0x000D	0x3077      	MOVLW      119
0x000E	0x00FD      	MOVWF      R13
L_main2:
0x000F	0x0BFD      	DECFSZ     R13, 1
0x0010	0x280F      	GOTO       L_main2
0x0011	0x0BFC      	DECFSZ     R12, 1
0x0012	0x280F      	GOTO       L_main2
0x0013	0x0BFB      	DECFSZ     R11, 1
0x0014	0x280F      	GOTO       L_main2
;codeForRelay.c,8 :: 		portb.RB0 = 0;
0x0015	0x1006      	BCF        PORTB, 0
;codeForRelay.c,9 :: 		}
0x0016	0x2808      	GOTO       L_main0
;codeForRelay.c,10 :: 		}
L_end_main:
0x0017	0x2817      	GOTO       $+0
; end of _main
Symbol List:
//** Routines locations **
//ADDRESS    SIZE    PROCEDURE
//----------------------------------------------
0x0003      [21]    _main
//** Variables locations ** 
//ADDRESS    SIZE    VARIABLE
//----------------------------------------------
0x0000       [1]    INDF
0x0003       [1]    STATUS
0x0004       [1]    FSR
0x0006       [1]    PORTB
0x000A       [1]    PCLATH
0x0020       [2]    ___DoICPAddr
0x0070       [1]    R0
0x0071       [1]    R1
0x0072       [1]    R2
0x0073       [1]    R3
0x0074       [1]    R4
0x0075       [1]    R5
0x0076       [1]    R6
0x0077       [1]    R7
0x0078       [1]    R8
0x0079       [1]    R9
0x007A       [1]    R10
0x007B       [1]    R11
0x007C       [1]    R12
0x007D       [1]    R13
0x007E       [1]    R14
0x007F       [1]    R15
0x0086       [1]    TRISB
