;  LST file generated by mikroListExporter - v.2.0 
; Date/Time: 16-Aug-23 8:31:41 PM
;----------------------------------------------

;Address Opcode 	ASM
0x0000	0x2803      	GOTO       3
_main:
;MotorIcCode.c,1 :: 		void main() {
;MotorIcCode.c,2 :: 		TRISB = 0x00;
0x0003	0x1683      	BSF        STATUS, 5
0x0004	0x1303      	BCF        STATUS, 6
0x0005	0x0186      	CLRF       TRISB
;MotorIcCode.c,3 :: 		portb = 0x00;
0x0006	0x1283      	BCF        STATUS, 5
0x0007	0x0186      	CLRF       PORTB
;MotorIcCode.c,5 :: 		TRISC.RC0 = 1;   //look at this! it can be done too!
0x0008	0x1683      	BSF        STATUS, 5
0x0009	0x1407      	BSF        TRISC, 0
;MotorIcCode.c,7 :: 		portb.RB2 = 1;
0x000A	0x1283      	BCF        STATUS, 5
0x000B	0x1506      	BSF        PORTB, 2
;MotorIcCode.c,12 :: 		while(1) {
L_main0:
;MotorIcCode.c,25 :: 		if (portc.RC0 == 1) {
0x000C	0x1C07      	BTFSS      PORTC, 0
0x000D	0x281D      	GOTO       L_main2
;MotorIcCode.c,26 :: 		portb.RB0 = 1;
0x000E	0x1406      	BSF        PORTB, 0
;MotorIcCode.c,27 :: 		portb.RB1 = 0;
0x000F	0x1086      	BCF        PORTB, 1
;MotorIcCode.c,28 :: 		delay_ms(10000);
0x0010	0x3066      	MOVLW      102
0x0011	0x00FB      	MOVWF      R11
0x0012	0x3076      	MOVLW      118
0x0013	0x00FC      	MOVWF      R12
0x0014	0x30C1      	MOVLW      193
0x0015	0x00FD      	MOVWF      R13
L_main3:
0x0016	0x0BFD      	DECFSZ     R13, 1
0x0017	0x2816      	GOTO       L_main3
0x0018	0x0BFC      	DECFSZ     R12, 1
0x0019	0x2816      	GOTO       L_main3
0x001A	0x0BFB      	DECFSZ     R11, 1
0x001B	0x2816      	GOTO       L_main3
;MotorIcCode.c,29 :: 		portb.RB2 = 0;
0x001C	0x1106      	BCF        PORTB, 2
;MotorIcCode.c,30 :: 		}
L_main2:
;MotorIcCode.c,31 :: 		}
0x001D	0x280C      	GOTO       L_main0
;MotorIcCode.c,32 :: 		}
L_end_main:
0x001E	0x281E      	GOTO       $+0
; end of _main
Symbol List:
//** Routines locations **
//ADDRESS    SIZE    PROCEDURE
//----------------------------------------------
0x0003      [28]    _main
//** Variables locations ** 
//ADDRESS    SIZE    VARIABLE
//----------------------------------------------
0x0000       [1]    INDF
0x0003       [1]    STATUS
0x0004       [1]    FSR
0x0006       [1]    PORTB
0x0007       [1]    PORTC
0x000A       [1]    PCLATH
0x0020       [2]    ___DoICPAddr
0x0070       [1]    R0
0x0071       [1]    R1
0x0072       [1]    R2
0x0073       [1]    R3
0x0074       [1]    R4
0x0075       [1]    R5
0x0076       [1]    R6
0x0077       [1]    R7
0x0078       [1]    R8
0x0079       [1]    R9
0x007A       [1]    R10
0x007B       [1]    R11
0x007C       [1]    R12
0x007D       [1]    R13
0x007E       [1]    R14
0x007F       [1]    R15
0x0086       [1]    TRISB
0x0087       [1]    TRISC
